nohup: ignoring input
0% - saved: calculate_output_data/Lx20.0_Ly20.0_Nx64_Ny64_eps0.40_dt1.0e-08_Periodic_2d_half_from_file_-0.9/0.bin
1% - saved: calculate_output_data/Lx20.0_Ly20.0_Nx64_Ny64_eps0.40_dt1.0e-08_Periodic_2d_half_from_file_-0.9/50000000.bin
2% - saved: calculate_output_data/Lx20.0_Ly20.0_Nx64_Ny64_eps0.40_dt1.0e-08_Periodic_2d_half_from_file_-0.9/100000000.bin
3% - saved: calculate_output_data/Lx20.0_Ly20.0_Nx64_Ny64_eps0.40_dt1.0e-08_Periodic_2d_half_from_file_-0.9/150000000.bin
4% - saved: calculate_output_data/Lx20.0_Ly20.0_Nx64_Ny64_eps0.40_dt1.0e-08_Periodic_2d_half_from_file_-0.9/200000000.bin
5% - saved: calculate_output_data/Lx20.0_Ly20.0_Nx64_Ny64_eps0.40_dt1.0e-08_Periodic_2d_half_from_file_-0.9/250000000.bin
6% - saved: calculate_output_data/Lx20.0_Ly20.0_Nx64_Ny64_eps0.40_dt1.0e-08_Periodic_2d_half_from_file_-0.9/300000000.bin
7% - saved: calculate_output_data/Lx20.0_Ly20.0_Nx64_Ny64_eps0.40_dt1.0e-08_Periodic_2d_half_from_file_-0.9/350000000.bin
8% - saved: calculate_output_data/Lx20.0_Ly20.0_Nx64_Ny64_eps0.40_dt1.0e-08_Periodic_2d_half_from_file_-0.9/400000000.bin
9% - saved: calculate_output_data/Lx20.0_Ly20.0_Nx64_Ny64_eps0.40_dt1.0e-08_Periodic_2d_half_from_file_-0.9/450000000.bin
10% - saved: calculate_output_data/Lx20.0_Ly20.0_Nx64_Ny64_eps0.40_dt1.0e-08_Periodic_2d_half_from_file_-0.9/500000000.bin
11% - saved: calculate_output_data/Lx20.0_Ly20.0_Nx64_Ny64_eps0.40_dt1.0e-08_Periodic_2d_half_from_file_-0.9/550000000.bin
12% - saved: calculate_output_data/Lx20.0_Ly20.0_Nx64_Ny64_eps0.40_dt1.0e-08_Periodic_2d_half_from_file_-0.9/600000000.bin
13% - saved: calculate_output_data/Lx20.0_Ly20.0_Nx64_Ny64_eps0.40_dt1.0e-08_Periodic_2d_half_from_file_-0.9/650000000.bin
14% - saved: calculate_output_data/Lx20.0_Ly20.0_Nx64_Ny64_eps0.40_dt1.0e-08_Periodic_2d_half_from_file_-0.9/700000000.bin
15% - saved: calculate_output_data/Lx20.0_Ly20.0_Nx64_Ny64_eps0.40_dt1.0e-08_Periodic_2d_half_from_file_-0.9/750000000.bin
16% - saved: calculate_output_data/Lx20.0_Ly20.0_Nx64_Ny64_eps0.40_dt1.0e-08_Periodic_2d_half_from_file_-0.9/800000000.bin
17% - saved: calculate_output_data/Lx20.0_Ly20.0_Nx64_Ny64_eps0.40_dt1.0e-08_Periodic_2d_half_from_file_-0.9/850000000.bin
18% - saved: calculate_output_data/Lx20.0_Ly20.0_Nx64_Ny64_eps0.40_dt1.0e-08_Periodic_2d_half_from_file_-0.9/900000000.bin
19% - saved: calculate_output_data/Lx20.0_Ly20.0_Nx64_Ny64_eps0.40_dt1.0e-08_Periodic_2d_half_from_file_-0.9/950000000.bin
20% - saved: calculate_output_data/Lx20.0_Ly20.0_Nx64_Ny64_eps0.40_dt1.0e-08_Periodic_2d_half_from_file_-0.9/1000000000.bin
21% - saved: calculate_output_data/Lx20.0_Ly20.0_Nx64_Ny64_eps0.40_dt1.0e-08_Periodic_2d_half_from_file_-0.9/1050000000.bin
22% - saved: calculate_output_data/Lx20.0_Ly20.0_Nx64_Ny64_eps0.40_dt1.0e-08_Periodic_2d_half_from_file_-0.9/1100000000.bin
23% - saved: calculate_output_data/Lx20.0_Ly20.0_Nx64_Ny64_eps0.40_dt1.0e-08_Periodic_2d_half_from_file_-0.9/1150000000.bin
24% - saved: calculate_output_data/Lx20.0_Ly20.0_Nx64_Ny64_eps0.40_dt1.0e-08_Periodic_2d_half_from_file_-0.9/1200000000.bin
25% - saved: calculate_output_data/Lx20.0_Ly20.0_Nx64_Ny64_eps0.40_dt1.0e-08_Periodic_2d_half_from_file_-0.9/1250000000.bin
26% - saved: calculate_output_data/Lx20.0_Ly20.0_Nx64_Ny64_eps0.40_dt1.0e-08_Periodic_2d_half_from_file_-0.9/1300000000.bin
27% - saved: calculate_output_data/Lx20.0_Ly20.0_Nx64_Ny64_eps0.40_dt1.0e-08_Periodic_2d_half_from_file_-0.9/1350000000.bin
28% - saved: calculate_output_data/Lx20.0_Ly20.0_Nx64_Ny64_eps0.40_dt1.0e-08_Periodic_2d_half_from_file_-0.9/1400000000.bin
29% - saved: calculate_output_data/Lx20.0_Ly20.0_Nx64_Ny64_eps0.40_dt1.0e-08_Periodic_2d_half_from_file_-0.9/1450000000.bin
30% - saved: calculate_output_data/Lx20.0_Ly20.0_Nx64_Ny64_eps0.40_dt1.0e-08_Periodic_2d_half_from_file_-0.9/1500000000.bin
31% - saved: calculate_output_data/Lx20.0_Ly20.0_Nx64_Ny64_eps0.40_dt1.0e-08_Periodic_2d_half_from_file_-0.9/1550000000.bin
32% - saved: calculate_output_data/Lx20.0_Ly20.0_Nx64_Ny64_eps0.40_dt1.0e-08_Periodic_2d_half_from_file_-0.9/1600000000.bin
33% - saved: calculate_output_data/Lx20.0_Ly20.0_Nx64_Ny64_eps0.40_dt1.0e-08_Periodic_2d_half_from_file_-0.9/1650000000.bin
34% - saved: calculate_output_data/Lx20.0_Ly20.0_Nx64_Ny64_eps0.40_dt1.0e-08_Periodic_2d_half_from_file_-0.9/1700000000.bin
35% - saved: calculate_output_data/Lx20.0_Ly20.0_Nx64_Ny64_eps0.40_dt1.0e-08_Periodic_2d_half_from_file_-0.9/1750000000.bin
36% - saved: calculate_output_data/Lx20.0_Ly20.0_Nx64_Ny64_eps0.40_dt1.0e-08_Periodic_2d_half_from_file_-0.9/1800000000.bin
37% - saved: calculate_output_data/Lx20.0_Ly20.0_Nx64_Ny64_eps0.40_dt1.0e-08_Periodic_2d_half_from_file_-0.9/1850000000.bin
38% - saved: calculate_output_data/Lx20.0_Ly20.0_Nx64_Ny64_eps0.40_dt1.0e-08_Periodic_2d_half_from_file_-0.9/1900000000.bin
39% - saved: calculate_output_data/Lx20.0_Ly20.0_Nx64_Ny64_eps0.40_dt1.0e-08_Periodic_2d_half_from_file_-0.9/1950000000.bin
40% - saved: calculate_output_data/Lx20.0_Ly20.0_Nx64_Ny64_eps0.40_dt1.0e-08_Periodic_2d_half_from_file_-0.9/2000000000.bin
41% - saved: calculate_output_data/Lx20.0_Ly20.0_Nx64_Ny64_eps0.40_dt1.0e-08_Periodic_2d_half_from_file_-0.9/2050000000.bin
42% - saved: calculate_output_data/Lx20.0_Ly20.0_Nx64_Ny64_eps0.40_dt1.0e-08_Periodic_2d_half_from_file_-0.9/2100000000.bin
43% - saved: calculate_output_data/Lx20.0_Ly20.0_Nx64_Ny64_eps0.40_dt1.0e-08_Periodic_2d_half_from_file_-0.9/-2144967296.bin
44% - saved: calculate_output_data/Lx20.0_Ly20.0_Nx64_Ny64_eps0.40_dt1.0e-08_Periodic_2d_half_from_file_-0.9/-2094967296.bin
45% - saved: calculate_output_data/Lx20.0_Ly20.0_Nx64_Ny64_eps0.40_dt1.0e-08_Periodic_2d_half_from_file_-0.9/-2044967296.bin
46% - saved: calculate_output_data/Lx20.0_Ly20.0_Nx64_Ny64_eps0.40_dt1.0e-08_Periodic_2d_half_from_file_-0.9/-1994967296.bin
47% - saved: calculate_output_data/Lx20.0_Ly20.0_Nx64_Ny64_eps0.40_dt1.0e-08_Periodic_2d_half_from_file_-0.9/-1944967296.bin
48% - saved: calculate_output_data/Lx20.0_Ly20.0_Nx64_Ny64_eps0.40_dt1.0e-08_Periodic_2d_half_from_file_-0.9/-1894967296.bin
49% - saved: calculate_output_data/Lx20.0_Ly20.0_Nx64_Ny64_eps0.40_dt1.0e-08_Periodic_2d_half_from_file_-0.9/-1844967296.bin
50% - saved: calculate_output_data/Lx20.0_Ly20.0_Nx64_Ny64_eps0.40_dt1.0e-08_Periodic_2d_half_from_file_-0.9/-1794967296.bin
51% - saved: calculate_output_data/Lx20.0_Ly20.0_Nx64_Ny64_eps0.40_dt1.0e-08_Periodic_2d_half_from_file_-0.9/-1744967296.bin
52% - saved: calculate_output_data/Lx20.0_Ly20.0_Nx64_Ny64_eps0.40_dt1.0e-08_Periodic_2d_half_from_file_-0.9/-1694967296.bin
53% - saved: calculate_output_data/Lx20.0_Ly20.0_Nx64_Ny64_eps0.40_dt1.0e-08_Periodic_2d_half_from_file_-0.9/-1644967296.bin
54% - saved: calculate_output_data/Lx20.0_Ly20.0_Nx64_Ny64_eps0.40_dt1.0e-08_Periodic_2d_half_from_file_-0.9/-1594967296.bin
55% - saved: calculate_output_data/Lx20.0_Ly20.0_Nx64_Ny64_eps0.40_dt1.0e-08_Periodic_2d_half_from_file_-0.9/-1544967296.bin
56% - saved: calculate_output_data/Lx20.0_Ly20.0_Nx64_Ny64_eps0.40_dt1.0e-08_Periodic_2d_half_from_file_-0.9/-1494967296.bin
57% - saved: calculate_output_data/Lx20.0_Ly20.0_Nx64_Ny64_eps0.40_dt1.0e-08_Periodic_2d_half_from_file_-0.9/-1444967296.bin
58% - saved: calculate_output_data/Lx20.0_Ly20.0_Nx64_Ny64_eps0.40_dt1.0e-08_Periodic_2d_half_from_file_-0.9/-1394967296.bin
59% - saved: calculate_output_data/Lx20.0_Ly20.0_Nx64_Ny64_eps0.40_dt1.0e-08_Periodic_2d_half_from_file_-0.9/-1344967296.bin
60% - saved: calculate_output_data/Lx20.0_Ly20.0_Nx64_Ny64_eps0.40_dt1.0e-08_Periodic_2d_half_from_file_-0.9/-1294967296.bin
61% - saved: calculate_output_data/Lx20.0_Ly20.0_Nx64_Ny64_eps0.40_dt1.0e-08_Periodic_2d_half_from_file_-0.9/-1244967296.bin
62% - saved: calculate_output_data/Lx20.0_Ly20.0_Nx64_Ny64_eps0.40_dt1.0e-08_Periodic_2d_half_from_file_-0.9/-1194967296.bin
63% - saved: calculate_output_data/Lx20.0_Ly20.0_Nx64_Ny64_eps0.40_dt1.0e-08_Periodic_2d_half_from_file_-0.9/-1144967296.bin
64% - saved: calculate_output_data/Lx20.0_Ly20.0_Nx64_Ny64_eps0.40_dt1.0e-08_Periodic_2d_half_from_file_-0.9/-1094967296.bin
65% - saved: calculate_output_data/Lx20.0_Ly20.0_Nx64_Ny64_eps0.40_dt1.0e-08_Periodic_2d_half_from_file_-0.9/-1044967296.bin
66% - saved: calculate_output_data/Lx20.0_Ly20.0_Nx64_Ny64_eps0.40_dt1.0e-08_Periodic_2d_half_from_file_-0.9/-994967296.bin
67% - saved: calculate_output_data/Lx20.0_Ly20.0_Nx64_Ny64_eps0.40_dt1.0e-08_Periodic_2d_half_from_file_-0.9/-944967296.bin
68% - saved: calculate_output_data/Lx20.0_Ly20.0_Nx64_Ny64_eps0.40_dt1.0e-08_Periodic_2d_half_from_file_-0.9/-894967296.bin
69% - saved: calculate_output_data/Lx20.0_Ly20.0_Nx64_Ny64_eps0.40_dt1.0e-08_Periodic_2d_half_from_file_-0.9/-844967296.bin
70% - saved: calculate_output_data/Lx20.0_Ly20.0_Nx64_Ny64_eps0.40_dt1.0e-08_Periodic_2d_half_from_file_-0.9/-794967296.bin
71% - saved: calculate_output_data/Lx20.0_Ly20.0_Nx64_Ny64_eps0.40_dt1.0e-08_Periodic_2d_half_from_file_-0.9/-744967296.bin
72% - saved: calculate_output_data/Lx20.0_Ly20.0_Nx64_Ny64_eps0.40_dt1.0e-08_Periodic_2d_half_from_file_-0.9/-694967296.bin
73% - saved: calculate_output_data/Lx20.0_Ly20.0_Nx64_Ny64_eps0.40_dt1.0e-08_Periodic_2d_half_from_file_-0.9/-644967296.bin
74% - saved: calculate_output_data/Lx20.0_Ly20.0_Nx64_Ny64_eps0.40_dt1.0e-08_Periodic_2d_half_from_file_-0.9/-594967296.bin
75% - saved: calculate_output_data/Lx20.0_Ly20.0_Nx64_Ny64_eps0.40_dt1.0e-08_Periodic_2d_half_from_file_-0.9/-544967296.bin
76% - saved: calculate_output_data/Lx20.0_Ly20.0_Nx64_Ny64_eps0.40_dt1.0e-08_Periodic_2d_half_from_file_-0.9/-494967296.bin
77% - saved: calculate_output_data/Lx20.0_Ly20.0_Nx64_Ny64_eps0.40_dt1.0e-08_Periodic_2d_half_from_file_-0.9/-444967296.bin
78% - saved: calculate_output_data/Lx20.0_Ly20.0_Nx64_Ny64_eps0.40_dt1.0e-08_Periodic_2d_half_from_file_-0.9/-394967296.bin
79% - saved: calculate_output_data/Lx20.0_Ly20.0_Nx64_Ny64_eps0.40_dt1.0e-08_Periodic_2d_half_from_file_-0.9/-344967296.bin
80% - saved: calculate_output_data/Lx20.0_Ly20.0_Nx64_Ny64_eps0.40_dt1.0e-08_Periodic_2d_half_from_file_-0.9/-294967296.bin
81% - saved: calculate_output_data/Lx20.0_Ly20.0_Nx64_Ny64_eps0.40_dt1.0e-08_Periodic_2d_half_from_file_-0.9/-244967296.bin
82% - saved: calculate_output_data/Lx20.0_Ly20.0_Nx64_Ny64_eps0.40_dt1.0e-08_Periodic_2d_half_from_file_-0.9/-194967296.bin
83% - saved: calculate_output_data/Lx20.0_Ly20.0_Nx64_Ny64_eps0.40_dt1.0e-08_Periodic_2d_half_from_file_-0.9/-144967296.bin
84% - saved: calculate_output_data/Lx20.0_Ly20.0_Nx64_Ny64_eps0.40_dt1.0e-08_Periodic_2d_half_from_file_-0.9/-94967296.bin
85% - saved: calculate_output_data/Lx20.0_Ly20.0_Nx64_Ny64_eps0.40_dt1.0e-08_Periodic_2d_half_from_file_-0.9/-44967296.bin
86% - saved: calculate_output_data/Lx20.0_Ly20.0_Nx64_Ny64_eps0.40_dt1.0e-08_Periodic_2d_half_from_file_-0.9/5032704.bin
87% - saved: calculate_output_data/Lx20.0_Ly20.0_Nx64_Ny64_eps0.40_dt1.0e-08_Periodic_2d_half_from_file_-0.9/55032704.bin
88% - saved: calculate_output_data/Lx20.0_Ly20.0_Nx64_Ny64_eps0.40_dt1.0e-08_Periodic_2d_half_from_file_-0.9/105032704.bin
89% - saved: calculate_output_data/Lx20.0_Ly20.0_Nx64_Ny64_eps0.40_dt1.0e-08_Periodic_2d_half_from_file_-0.9/155032704.bin
90% - saved: calculate_output_data/Lx20.0_Ly20.0_Nx64_Ny64_eps0.40_dt1.0e-08_Periodic_2d_half_from_file_-0.9/205032704.bin
91% - saved: calculate_output_data/Lx20.0_Ly20.0_Nx64_Ny64_eps0.40_dt1.0e-08_Periodic_2d_half_from_file_-0.9/255032704.bin
92% - saved: calculate_output_data/Lx20.0_Ly20.0_Nx64_Ny64_eps0.40_dt1.0e-08_Periodic_2d_half_from_file_-0.9/305032704.bin
93% - saved: calculate_output_data/Lx20.0_Ly20.0_Nx64_Ny64_eps0.40_dt1.0e-08_Periodic_2d_half_from_file_-0.9/355032704.bin
94% - saved: calculate_output_data/Lx20.0_Ly20.0_Nx64_Ny64_eps0.40_dt1.0e-08_Periodic_2d_half_from_file_-0.9/405032704.bin
95% - saved: calculate_output_data/Lx20.0_Ly20.0_Nx64_Ny64_eps0.40_dt1.0e-08_Periodic_2d_half_from_file_-0.9/455032704.bin
96% - saved: calculate_output_data/Lx20.0_Ly20.0_Nx64_Ny64_eps0.40_dt1.0e-08_Periodic_2d_half_from_file_-0.9/505032704.bin
97% - saved: calculate_output_data/Lx20.0_Ly20.0_Nx64_Ny64_eps0.40_dt1.0e-08_Periodic_2d_half_from_file_-0.9/555032704.bin
98% - saved: calculate_output_data/Lx20.0_Ly20.0_Nx64_Ny64_eps0.40_dt1.0e-08_Periodic_2d_half_from_file_-0.9/605032704.bin
99% - saved: calculate_output_data/Lx20.0_Ly20.0_Nx64_Ny64_eps0.40_dt1.0e-08_Periodic_2d_half_from_file_-0.9/655032704.bin
100% - saved: calculate_output_data/Lx20.0_Ly20.0_Nx64_Ny64_eps0.40_dt1.0e-08_Periodic_2d_half_from_file_-0.9/705032704.bin
Energy data saved to: calculate_output_data/Lx20.0_Ly20.0_Nx64_Ny64_eps0.40_dt1.0e-08_Periodic_2d_half_from_file_-0.9/energies.bin
Loaded 101 energy values
Processed frame 1/101 (0%)	vizualize_output_data/images/0000.png
Processed frame 2/101 (0%)	vizualize_output_data/images/0001.png
Processed frame 3/101 (1%)	vizualize_output_data/images/0002.png
Processed frame 4/101 (2%)	vizualize_output_data/images/0003.png
Processed frame 5/101 (3%)	vizualize_output_data/images/0004.png
Processed frame 6/101 (4%)	vizualize_output_data/images/0005.png
Processed frame 7/101 (5%)	vizualize_output_data/images/0006.png
Processed frame 8/101 (6%)	vizualize_output_data/images/0007.png
Processed frame 9/101 (7%)	vizualize_output_data/images/0008.png
Processed frame 10/101 (8%)	vizualize_output_data/images/0009.png
Processed frame 11/101 (9%)	vizualize_output_data/images/0010.png
Processed frame 12/101 (10%)	vizualize_output_data/images/0011.png
Processed frame 13/101 (11%)	vizualize_output_data/images/0012.png
Processed frame 14/101 (12%)	vizualize_output_data/images/0013.png
Processed frame 15/101 (13%)	vizualize_output_data/images/0014.png
Processed frame 16/101 (14%)	vizualize_output_data/images/0015.png
Processed frame 17/101 (15%)	vizualize_output_data/images/0016.png
Processed frame 18/101 (16%)	vizualize_output_data/images/0017.png
Processed frame 19/101 (17%)	vizualize_output_data/images/0018.png
Processed frame 20/101 (18%)	vizualize_output_data/images/0019.png
Processed frame 21/101 (19%)	vizualize_output_data/images/0020.png
Processed frame 22/101 (20%)	vizualize_output_data/images/0021.png
Processed frame 23/101 (21%)	vizualize_output_data/images/0022.png
Processed frame 24/101 (22%)	vizualize_output_data/images/0023.png
Processed frame 25/101 (23%)	vizualize_output_data/images/0024.png
Processed frame 26/101 (24%)	vizualize_output_data/images/0025.png
Processed frame 27/101 (25%)	vizualize_output_data/images/0026.png
Processed frame 28/101 (26%)	vizualize_output_data/images/0027.png
Processed frame 29/101 (27%)	vizualize_output_data/images/0028.png
Processed frame 30/101 (28%)	vizualize_output_data/images/0029.png
Processed frame 31/101 (29%)	vizualize_output_data/images/0030.png
Processed frame 32/101 (30%)	vizualize_output_data/images/0031.png
Processed frame 33/101 (31%)	vizualize_output_data/images/0032.png
Processed frame 34/101 (32%)	vizualize_output_data/images/0033.png
Processed frame 35/101 (33%)	vizualize_output_data/images/0034.png
Processed frame 36/101 (34%)	vizualize_output_data/images/0035.png
Processed frame 37/101 (35%)	vizualize_output_data/images/0036.png
Processed frame 38/101 (36%)	vizualize_output_data/images/0037.png
Processed frame 39/101 (37%)	vizualize_output_data/images/0038.png
Processed frame 40/101 (38%)	vizualize_output_data/images/0039.png
Processed frame 41/101 (39%)	vizualize_output_data/images/0040.png
Processed frame 42/101 (40%)	vizualize_output_data/images/0041.png
Processed frame 43/101 (41%)	vizualize_output_data/images/0042.png
Traceback (most recent call last):
  File "/home/mishamaifet/phase_phield_cristall/code_sources_2d/visualize/__main__.py", line 94, in <module>
    with open(data_file, 'rb') as file:
         ^^^^^^^^^^^^^^^^^^^^^
FileNotFoundError: [Errno 2] No such file or directory: 'calculate_output_data/Lx20.0_Ly20.0_Nx64_Ny64_eps0.40_dt1.0e-08_Periodic_2d_half_from_file_-0.9/2150000000.bin'
